Added Component: Designator=J2(0430451600)
Add component (AddParameter): Name = "Assembly Note"; Value = ""; VariantName = "[No Variations]"
Add component (AddParameter): Name = "Assembly Type"; Value = ""; VariantName = "[No Variations]"
Add component (AddParameter): Name = "CreatedBy/Date"; Value = ""; VariantName = "[No Variations]"
Add component (AddParameter): Name = "Current Rating"; Value = ""; VariantName = "[No Variations]"
Add component (AddParameter): Name = "GRAMS Lib Spec"; Value = "2.7"; VariantName = "[No Variations]"
Add component (AddParameter): Name = "HelpURL"; Value = ""; VariantName = "[No Variations]"
Add component (AddParameter): Name = "Magnetic Material"; Value = ""; VariantName = "[No Variations]"
Add component (AddParameter): Name = "Manufacturer #1"; Value = ""; VariantName = "[No Variations]"
Add component (AddParameter): Name = "Manufacturer #2"; Value = ""; VariantName = "[No Variations]"
Add component (AddParameter): Name = "Note"; Value = ""; VariantName = "[No Variations]"
Add component (AddParameter): Name = "Package"; Value = ""; VariantName = "[No Variations]"
Add component (AddParameter): Name = "Part Number #1"; Value = ""; VariantName = "[No Variations]"
Add component (AddParameter): Name = "Part Number #2"; Value = ""; VariantName = "[No Variations]"
Add component (AddParameter): Name = "Polarized"; Value = ""; VariantName = "[No Variations]"
Add component (AddParameter): Name = "Power Max"; Value = ""; VariantName = "[No Variations]"
Add component (AddParameter): Name = "Supplier 1"; Value = ""; VariantName = "[No Variations]"
Add component (AddParameter): Name = "Supplier Part Number 1"; Value = ""; VariantName = "[No Variations]"
Add component (AddParameter): Name = "Temperature"; Value = ""; VariantName = "[No Variations]"
Add component (AddParameter): Name = "Tolerance"; Value = ""; VariantName = "[No Variations]"
Add component (AddParameter): Name = "Value"; Value = ""; VariantName = "[No Variations]"
Add component (AddParameter): Name = "VerifiedBy"; Value = ""; VariantName = "[No Variations]"
Add component (AddParameter): Name = "Voltage Rating"; Value = ""; VariantName = "[No Variations]"
Added Component: Designator=J5(0430451600)
Add component (AddParameter): Name = "Assembly Note"; Value = ""; VariantName = "[No Variations]"
Add component (AddParameter): Name = "Assembly Type"; Value = ""; VariantName = "[No Variations]"
Add component (AddParameter): Name = "CreatedBy/Date"; Value = ""; VariantName = "[No Variations]"
Add component (AddParameter): Name = "Current Rating"; Value = ""; VariantName = "[No Variations]"
Add component (AddParameter): Name = "GRAMS Lib Spec"; Value = "2.7"; VariantName = "[No Variations]"
Add component (AddParameter): Name = "HelpURL"; Value = ""; VariantName = "[No Variations]"
Add component (AddParameter): Name = "Magnetic Material"; Value = ""; VariantName = "[No Variations]"
Add component (AddParameter): Name = "Manufacturer #1"; Value = ""; VariantName = "[No Variations]"
Add component (AddParameter): Name = "Manufacturer #2"; Value = ""; VariantName = "[No Variations]"
Add component (AddParameter): Name = "Note"; Value = ""; VariantName = "[No Variations]"
Add component (AddParameter): Name = "Package"; Value = ""; VariantName = "[No Variations]"
Add component (AddParameter): Name = "Part Number #1"; Value = ""; VariantName = "[No Variations]"
Add component (AddParameter): Name = "Part Number #2"; Value = ""; VariantName = "[No Variations]"
Add component (AddParameter): Name = "Polarized"; Value = ""; VariantName = "[No Variations]"
Add component (AddParameter): Name = "Power Max"; Value = ""; VariantName = "[No Variations]"
Add component (AddParameter): Name = "Supplier 1"; Value = ""; VariantName = "[No Variations]"
Add component (AddParameter): Name = "Supplier Part Number 1"; Value = ""; VariantName = "[No Variations]"
Add component (AddParameter): Name = "Temperature"; Value = ""; VariantName = "[No Variations]"
Add component (AddParameter): Name = "Tolerance"; Value = ""; VariantName = "[No Variations]"
Add component (AddParameter): Name = "Value"; Value = ""; VariantName = "[No Variations]"
Add component (AddParameter): Name = "VerifiedBy"; Value = ""; VariantName = "[No Variations]"
Add component (AddParameter): Name = "Voltage Rating"; Value = ""; VariantName = "[No Variations]"
Added Component: Designator=J7(0430451600)
Add component (AddParameter): Name = "Assembly Note"; Value = ""; VariantName = "[No Variations]"
Add component (AddParameter): Name = "Assembly Type"; Value = ""; VariantName = "[No Variations]"
Add component (AddParameter): Name = "CreatedBy/Date"; Value = ""; VariantName = "[No Variations]"
Add component (AddParameter): Name = "Current Rating"; Value = ""; VariantName = "[No Variations]"
Add component (AddParameter): Name = "GRAMS Lib Spec"; Value = "2.7"; VariantName = "[No Variations]"
Add component (AddParameter): Name = "HelpURL"; Value = ""; VariantName = "[No Variations]"
Add component (AddParameter): Name = "Magnetic Material"; Value = ""; VariantName = "[No Variations]"
Add component (AddParameter): Name = "Manufacturer #1"; Value = ""; VariantName = "[No Variations]"
Add component (AddParameter): Name = "Manufacturer #2"; Value = ""; VariantName = "[No Variations]"
Add component (AddParameter): Name = "Note"; Value = ""; VariantName = "[No Variations]"
Add component (AddParameter): Name = "Package"; Value = ""; VariantName = "[No Variations]"
Add component (AddParameter): Name = "Part Number #1"; Value = ""; VariantName = "[No Variations]"
Add component (AddParameter): Name = "Part Number #2"; Value = ""; VariantName = "[No Variations]"
Add component (AddParameter): Name = "Polarized"; Value = ""; VariantName = "[No Variations]"
Add component (AddParameter): Name = "Power Max"; Value = ""; VariantName = "[No Variations]"
Add component (AddParameter): Name = "Supplier 1"; Value = ""; VariantName = "[No Variations]"
Add component (AddParameter): Name = "Supplier Part Number 1"; Value = ""; VariantName = "[No Variations]"
Add component (AddParameter): Name = "Temperature"; Value = ""; VariantName = "[No Variations]"
Add component (AddParameter): Name = "Tolerance"; Value = ""; VariantName = "[No Variations]"
Add component (AddParameter): Name = "Value"; Value = ""; VariantName = "[No Variations]"
Add component (AddParameter): Name = "VerifiedBy"; Value = ""; VariantName = "[No Variations]"
Add component (AddParameter): Name = "Voltage Rating"; Value = ""; VariantName = "[No Variations]"
Added Component: Designator=J8(0430451600)
Add component (AddParameter): Name = "Assembly Note"; Value = ""; VariantName = "[No Variations]"
Add component (AddParameter): Name = "Assembly Type"; Value = ""; VariantName = "[No Variations]"
Add component (AddParameter): Name = "CreatedBy/Date"; Value = ""; VariantName = "[No Variations]"
Add component (AddParameter): Name = "Current Rating"; Value = ""; VariantName = "[No Variations]"
Add component (AddParameter): Name = "GRAMS Lib Spec"; Value = "2.7"; VariantName = "[No Variations]"
Add component (AddParameter): Name = "HelpURL"; Value = ""; VariantName = "[No Variations]"
Add component (AddParameter): Name = "Magnetic Material"; Value = ""; VariantName = "[No Variations]"
Add component (AddParameter): Name = "Manufacturer #1"; Value = ""; VariantName = "[No Variations]"
Add component (AddParameter): Name = "Manufacturer #2"; Value = ""; VariantName = "[No Variations]"
Add component (AddParameter): Name = "Note"; Value = ""; VariantName = "[No Variations]"
Add component (AddParameter): Name = "Package"; Value = ""; VariantName = "[No Variations]"
Add component (AddParameter): Name = "Part Number #1"; Value = ""; VariantName = "[No Variations]"
Add component (AddParameter): Name = "Part Number #2"; Value = ""; VariantName = "[No Variations]"
Add component (AddParameter): Name = "Polarized"; Value = ""; VariantName = "[No Variations]"
Add component (AddParameter): Name = "Power Max"; Value = ""; VariantName = "[No Variations]"
Add component (AddParameter): Name = "Supplier 1"; Value = ""; VariantName = "[No Variations]"
Add component (AddParameter): Name = "Supplier Part Number 1"; Value = ""; VariantName = "[No Variations]"
Add component (AddParameter): Name = "Temperature"; Value = ""; VariantName = "[No Variations]"
Add component (AddParameter): Name = "Tolerance"; Value = ""; VariantName = "[No Variations]"
Add component (AddParameter): Name = "Value"; Value = ""; VariantName = "[No Variations]"
Add component (AddParameter): Name = "VerifiedBy"; Value = ""; VariantName = "[No Variations]"
Add component (AddParameter): Name = "Voltage Rating"; Value = ""; VariantName = "[No Variations]"
Added Pin To Net: NetName=3V3 Pin=J2-1
Added Pin To Net: NetName=3V3 Pin=J2-2
Added Pin To Net: NetName=3V3 Pin=J2-3
Added Pin To Net: NetName=3V3 Pin=J2-4
Added Pin To Net: NetName=3V3 Pin=J2-5
Added Pin To Net: NetName=3V3 Pin=J2-6
Added Pin To Net: NetName=3V3 Pin=J2-7
Added Pin To Net: NetName=3V3 Pin=J2-8
Added Pin To Net: NetName=TH15 Pin=J2-9
Added Pin To Net: NetName=TH14 Pin=J2-10
Added Pin To Net: NetName=TH13 Pin=J2-11
Added Pin To Net: NetName=TH12 Pin=J2-12
Added Pin To Net: NetName=TH11 Pin=J2-13
Added Pin To Net: NetName=TH10 Pin=J2-14
Added Pin To Net: NetName=TH9 Pin=J2-15
Added Pin To Net: NetName=TH8 Pin=J2-16
Added Pin To Net: NetName=3V3 Pin=J5-1
Added Pin To Net: NetName=3V3 Pin=J5-2
Added Pin To Net: NetName=3V3 Pin=J5-3
Added Pin To Net: NetName=3V3 Pin=J5-4
Added Pin To Net: NetName=3V3 Pin=J5-5
Added Pin To Net: NetName=3V3 Pin=J5-6
Added Pin To Net: NetName=3V3 Pin=J5-7
Added Pin To Net: NetName=3V3 Pin=J5-8
Added Pin To Net: NetName=TH7 Pin=J5-9
Added Pin To Net: NetName=TH6 Pin=J5-10
Added Pin To Net: NetName=TH5 Pin=J5-11
Added Pin To Net: NetName=TH4 Pin=J5-12
Added Pin To Net: NetName=TH3 Pin=J5-13
Added Pin To Net: NetName=TH2 Pin=J5-14
Added Pin To Net: NetName=TH1 Pin=J5-15
Added Pin To Net: NetName=TH0 Pin=J5-16
Added Pin To Net: NetName=GND Pin=J7-1
Added Pin To Net: NetName=GND Pin=J7-2
Added Pin To Net: NetName=GND Pin=J7-3
Added Pin To Net: NetName=GND Pin=J7-4
Added Pin To Net: NetName=GND Pin=J7-5
Added Pin To Net: NetName=GND Pin=J7-6
Added Pin To Net: NetName=GND Pin=J7-7
Added Pin To Net: NetName=GND Pin=J7-8
Added Pin To Net: NetName=GPIO7 Pin=J7-9
Added Pin To Net: NetName=GPIO6 Pin=J7-10
Added Pin To Net: NetName=GPIO5 Pin=J7-11
Added Pin To Net: NetName=GPIO4 Pin=J7-12
Added Pin To Net: NetName=GPIO3 Pin=J7-13
Added Pin To Net: NetName=GPIO2 Pin=J7-14
Added Pin To Net: NetName=GPIO1 Pin=J7-15
Added Pin To Net: NetName=GPIO0 Pin=J7-16
Added Pin To Net: NetName=GND Pin=J8-1
Added Pin To Net: NetName=GND Pin=J8-2
Added Pin To Net: NetName=GND Pin=J8-3
Added Pin To Net: NetName=GND Pin=J8-4
Added Pin To Net: NetName=GND Pin=J8-5
Added Pin To Net: NetName=GND Pin=J8-6
Added Pin To Net: NetName=GND Pin=J8-7
Added Pin To Net: NetName=GND Pin=J8-8
Added Pin To Net: NetName=GPIO15 Pin=J8-9
Added Pin To Net: NetName=GPIO14 Pin=J8-10
Added Pin To Net: NetName=GPIO13 Pin=J8-11
Added Pin To Net: NetName=GPIO12 Pin=J8-12
Added Pin To Net: NetName=GPIO11 Pin=J8-13
Added Pin To Net: NetName=GPIO10 Pin=J8-14
Added Pin To Net: NetName=GPIO9 Pin=J8-15
Added Pin To Net: NetName=GPIO8 Pin=J8-16
Added Member To Class: ClassName=rasp_sheild_ADC Member=Component J2 0430451600
Added Member To Class: ClassName=rasp_sheild_ADC Member=Component J5 0430451600
Added Member To Class: ClassName=rasp_sheild_i2c Member=Component J7 0430451600
Added Member To Class: ClassName=rasp_sheild_i2c Member=Component J8 0430451600
