Removed Pin From Net: NetName=GPIO0 Pin=J7-1
Removed Pin From Net: NetName=GPIO1 Pin=J7-2
Removed Pin From Net: NetName=GPIO2 Pin=J7-3
Removed Pin From Net: NetName=GPIO3 Pin=J7-4
Removed Pin From Net: NetName=GPIO4 Pin=J7-5
Removed Pin From Net: NetName=GPIO5 Pin=J7-6
Removed Pin From Net: NetName=GPIO6 Pin=J7-7
Removed Pin From Net: NetName=GPIO7 Pin=J7-8
Removed Pin From Net: NetName=GND Pin=J7-9
Removed Pin From Net: NetName=GND Pin=J7-10
Removed Pin From Net: NetName=GND Pin=J7-11
Removed Pin From Net: NetName=GND Pin=J7-12
Removed Pin From Net: NetName=GND Pin=J7-13
Removed Pin From Net: NetName=GND Pin=J7-14
Removed Pin From Net: NetName=GND Pin=J7-15
Removed Pin From Net: NetName=GND Pin=J7-16
Removed Pin From Net: NetName=GPIO8 Pin=J8-1
Removed Pin From Net: NetName=GPIO9 Pin=J8-2
Removed Pin From Net: NetName=GPIO10 Pin=J8-3
Removed Pin From Net: NetName=GPIO11 Pin=J8-4
Removed Pin From Net: NetName=GPIO12 Pin=J8-5
Removed Pin From Net: NetName=GPIO13 Pin=J8-6
Removed Pin From Net: NetName=GPIO14 Pin=J8-7
Removed Pin From Net: NetName=GPIO15 Pin=J8-8
Removed Pin From Net: NetName=GND Pin=J8-9
Removed Pin From Net: NetName=GND Pin=J8-10
Removed Pin From Net: NetName=GND Pin=J8-11
Removed Pin From Net: NetName=GND Pin=J8-12
Removed Pin From Net: NetName=GND Pin=J8-13
Removed Pin From Net: NetName=GND Pin=J8-14
Removed Pin From Net: NetName=GND Pin=J8-15
Removed Pin From Net: NetName=GND Pin=J8-16
Removed Pin From Net: NetName=TH0 Pin=U1-1
Removed Pin From Net: NetName=TH1 Pin=U1-2
Removed Pin From Net: NetName=TH2 Pin=U1-4
Removed Pin From Net: NetName=TH3 Pin=U1-5
Removed Pin From Net: NetName=TH4 Pin=U1-6
Removed Pin From Net: NetName=TH5 Pin=U1-7
Removed Pin From Net: NetName=TH6 Pin=U1-8
Removed Pin From Net: NetName=TH7 Pin=U1-9
Removed Pin From Net: NetName=TH8 Pin=U7-1
Removed Pin From Net: NetName=TH9 Pin=U7-2
Removed Pin From Net: NetName=TH10 Pin=U7-4
Removed Pin From Net: NetName=TH11 Pin=U7-5
Removed Pin From Net: NetName=TH12 Pin=U7-6
Removed Pin From Net: NetName=TH13 Pin=U7-7
Removed Pin From Net: NetName=TH14 Pin=U7-8
Removed Pin From Net: NetName=TH15 Pin=U7-9
Removed Pin From Net: NetName=GPIO8 Pin=U8-1
Removed Pin From Net: NetName=GPIO9 Pin=U8-2
Removed Pin From Net: NetName=GPIO10 Pin=U8-4
Removed Pin From Net: NetName=GPIO11 Pin=U8-5
Removed Pin From Net: NetName=GPIO12 Pin=U8-6
Removed Pin From Net: NetName=GPIO13 Pin=U8-7
Removed Pin From Net: NetName=GPIO14 Pin=U8-8
Removed Pin From Net: NetName=GPIO15 Pin=U8-9
Removed Pin From Net: NetName=GPIO0 Pin=U9-1
Removed Pin From Net: NetName=GPIO1 Pin=U9-2
Removed Pin From Net: NetName=GPIO2 Pin=U9-4
Removed Pin From Net: NetName=GPIO3 Pin=U9-5
Removed Pin From Net: NetName=GPIO4 Pin=U9-6
Removed Pin From Net: NetName=GPIO5 Pin=U9-7
Removed Pin From Net: NetName=GPIO6 Pin=U9-8
Removed Pin From Net: NetName=GPIO7 Pin=U9-9
Added Pin To Net: NetName=GND Pin=J7-1
Added Pin To Net: NetName=GND Pin=J7-2
Added Pin To Net: NetName=GND Pin=J7-3
Added Pin To Net: NetName=GND Pin=J7-4
Added Pin To Net: NetName=GND Pin=J7-5
Added Pin To Net: NetName=GND Pin=J7-6
Added Pin To Net: NetName=GND Pin=J7-7
Added Pin To Net: NetName=GND Pin=J7-8
Added Pin To Net: NetName=GPIO7 Pin=J7-9
Added Pin To Net: NetName=GPIO6 Pin=J7-10
Added Pin To Net: NetName=GPIO5 Pin=J7-11
Added Pin To Net: NetName=GPIO4 Pin=J7-12
Added Pin To Net: NetName=GPIO3 Pin=J7-13
Added Pin To Net: NetName=GPIO2 Pin=J7-14
Added Pin To Net: NetName=GPIO1 Pin=J7-15
Added Pin To Net: NetName=GPIO0 Pin=J7-16
Added Pin To Net: NetName=GND Pin=J8-1
Added Pin To Net: NetName=GND Pin=J8-2
Added Pin To Net: NetName=GND Pin=J8-3
Added Pin To Net: NetName=GND Pin=J8-4
Added Pin To Net: NetName=GND Pin=J8-5
Added Pin To Net: NetName=GND Pin=J8-6
Added Pin To Net: NetName=GND Pin=J8-7
Added Pin To Net: NetName=GND Pin=J8-8
Added Pin To Net: NetName=GPIO8 Pin=J8-9
Added Pin To Net: NetName=GPIO9 Pin=J8-10
Added Pin To Net: NetName=GPIO10 Pin=J8-11
Added Pin To Net: NetName=GPIO11 Pin=J8-12
Added Pin To Net: NetName=GPIO12 Pin=J8-13
Added Pin To Net: NetName=GPIO13 Pin=J8-14
Added Pin To Net: NetName=GPIO14 Pin=J8-15
Added Pin To Net: NetName=GPIO15 Pin=J8-16
Added Pin To Net: NetName=TH6 Pin=U1-1
Added Pin To Net: NetName=TH7 Pin=U1-2
Added Pin To Net: NetName=TH1 Pin=U1-4
Added Pin To Net: NetName=TH0 Pin=U1-5
Added Pin To Net: NetName=TH2 Pin=U1-6
Added Pin To Net: NetName=TH3 Pin=U1-7
Added Pin To Net: NetName=TH4 Pin=U1-8
Added Pin To Net: NetName=TH5 Pin=U1-9
Added Pin To Net: NetName=TH14 Pin=U7-1
Added Pin To Net: NetName=TH15 Pin=U7-2
Added Pin To Net: NetName=TH9 Pin=U7-4
Added Pin To Net: NetName=TH8 Pin=U7-5
Added Pin To Net: NetName=TH10 Pin=U7-6
Added Pin To Net: NetName=TH11 Pin=U7-7
Added Pin To Net: NetName=TH12 Pin=U7-8
Added Pin To Net: NetName=TH13 Pin=U7-9
